0 info it worked if it ends with ok
1 verbose cli [ '/Users/nickrodriguez/.nvm/versions/node/v6.4.0/bin/node',
1 verbose cli   '/Users/nickrodriguez/.nvm/versions/node/v6.4.0/bin/npm',
1 verbose cli   'start' ]
2 info using npm@3.10.3
3 info using node@v6.4.0
4 verbose stack Error: missing script: start
4 verbose stack     at run (/Users/nickrodriguez/.nvm/versions/node/v6.4.0/lib/node_modules/npm/lib/run-script.js:151:19)
4 verbose stack     at /Users/nickrodriguez/.nvm/versions/node/v6.4.0/lib/node_modules/npm/lib/run-script.js:61:5
4 verbose stack     at /Users/nickrodriguez/.nvm/versions/node/v6.4.0/lib/node_modules/npm/node_modules/read-package-json/read-json.js:356:5
4 verbose stack     at handleExists (/Users/nickrodriguez/.nvm/versions/node/v6.4.0/lib/node_modules/npm/node_modules/read-package-json/read-json.js:329:20)
4 verbose stack     at FSReqWrap.cb [as oncomplete] (fs.js:257:19)
5 verbose cwd /Users/nickrodriguez/Desktop/sushi_cli
6 error Darwin 16.0.0
7 error argv "/Users/nickrodriguez/.nvm/versions/node/v6.4.0/bin/node" "/Users/nickrodriguez/.nvm/versions/node/v6.4.0/bin/npm" "start"
8 error node v6.4.0
9 error npm  v3.10.3
10 error missing script: start
11 error If you need help, you may report this error at:
11 error     <https://github.com/npm/npm/issues>
12 verbose exit [ 1, true ]
